<?xml version="1.0" encoding="UTF-8"?>
<testsuite xmlns:xsi="http://www.w3.org/2001/XMLSchema-instance" xsi:noNamespaceSchemaLocation="https://maven.apache.org/surefire/maven-surefire-plugin/xsd/surefire-test-report-3.0.xsd" version="3.0" name="CtaCorrienteTest" time="0.055" tests="2" errors="0" skipped="0" failures="0">
  <properties>
    <property name="sun.desktop" value="windows"/>
    <property name="awt.toolkit" value="sun.awt.windows.WToolkit"/>
    <property name="java.specification.version" value="11"/>
    <property name="sun.cpu.isalist" value="amd64"/>
    <property name="sun.jnu.encoding" value="Cp1252"/>
    <property name="java.class.path" value="C:\Users\anahr\Documents\NetBeansProjects\CtaCorriente\target\test-classes;C:\Users\anahr\Documents\NetBeansProjects\CtaCorriente\target\classes;C:\Users\anahr\.m2\repository\mysql\mysql-connector-java\8.0.26\mysql-connector-java-8.0.26.jar;C:\Users\anahr\.m2\repository\com\google\protobuf\protobuf-java\3.11.4\protobuf-java-3.11.4.jar;C:\Users\anahr\.m2\repository\com\sharneng\web-servlet\1.0.1\web-servlet-1.0.1.jar;C:\Users\anahr\.m2\repository\org\dbunit\dbunit\2.7.3\dbunit-2.7.3.jar;C:\Users\anahr\.m2\repository\org\slf4j\slf4j-api\1.7.25\slf4j-api-1.7.25.jar;C:\Users\anahr\.m2\repository\org\postgresql\postgresql\42.3.1\postgresql-42.3.1.jar;C:\Users\anahr\.m2\repository\org\checkerframework\checker-qual\3.5.0\checker-qual-3.5.0.jar;C:\Users\anahr\.m2\repository\com\oracle\database\jdbc\ojdbc8\19.3.0.0\ojdbc8-19.3.0.0.jar;C:\Users\anahr\.m2\repository\com\oracle\database\jdbc\ucp\19.3.0.0\ucp-19.3.0.0.jar;C:\Users\anahr\.m2\repository\com\oracle\database\security\oraclepki\19.3.0.0\oraclepki-19.3.0.0.jar;C:\Users\anahr\.m2\repository\com\oracle\database\security\osdt_cert\19.3.0.0\osdt_cert-19.3.0.0.jar;C:\Users\anahr\.m2\repository\com\oracle\database\security\osdt_core\19.3.0.0\osdt_core-19.3.0.0.jar;C:\Users\anahr\.m2\repository\com\oracle\database\ha\simplefan\19.3.0.0\simplefan-19.3.0.0.jar;C:\Users\anahr\.m2\repository\com\oracle\database\ha\ons\19.3.0.0\ons-19.3.0.0.jar;C:\Users\anahr\.m2\repository\javax\servlet\javax.servlet-api\4.0.1\javax.servlet-api-4.0.1.jar;C:\Users\anahr\.m2\repository\junit\junit\4.13.2\junit-4.13.2.jar;C:\Users\anahr\.m2\repository\org\hamcrest\hamcrest-core\1.3\hamcrest-core-1.3.jar;"/>
    <property name="java.vm.vendor" value="Oracle Corporation"/>
    <property name="sun.arch.data.model" value="64"/>
    <property name="user.variant" value=""/>
    <property name="java.vendor.url" value="https://openjdk.java.net/"/>
    <property name="user.timezone" value="America/Santiago"/>
    <property name="java.vm.specification.version" value="11"/>
    <property name="os.name" value="Windows 11"/>
    <property name="sun.java.launcher" value="SUN_STANDARD"/>
    <property name="user.country" value="CL"/>
    <property name="sun.boot.library.path" value="C:\Program Files\Java\jdk-11.0.20\bin"/>
    <property name="sun.java.command" value="C:\Users\anahr\AppData\Local\Temp\surefire3573371786175576855\surefirebooter-20231124221904188_3.jar C:\Users\anahr\AppData\Local\Temp\surefire3573371786175576855 2023-11-24T22-19-04_003-jvmRun1 surefire-20231124221904188_1tmp surefire_0-20231124221904188_2tmp"/>
    <property name="jdk.debug" value="release"/>
    <property name="surefire.test.class.path" value="C:\Users\anahr\Documents\NetBeansProjects\CtaCorriente\target\test-classes;C:\Users\anahr\Documents\NetBeansProjects\CtaCorriente\target\classes;C:\Users\anahr\.m2\repository\mysql\mysql-connector-java\8.0.26\mysql-connector-java-8.0.26.jar;C:\Users\anahr\.m2\repository\com\google\protobuf\protobuf-java\3.11.4\protobuf-java-3.11.4.jar;C:\Users\anahr\.m2\repository\com\sharneng\web-servlet\1.0.1\web-servlet-1.0.1.jar;C:\Users\anahr\.m2\repository\org\dbunit\dbunit\2.7.3\dbunit-2.7.3.jar;C:\Users\anahr\.m2\repository\org\slf4j\slf4j-api\1.7.25\slf4j-api-1.7.25.jar;C:\Users\anahr\.m2\repository\org\postgresql\postgresql\42.3.1\postgresql-42.3.1.jar;C:\Users\anahr\.m2\repository\org\checkerframework\checker-qual\3.5.0\checker-qual-3.5.0.jar;C:\Users\anahr\.m2\repository\com\oracle\database\jdbc\ojdbc8\19.3.0.0\ojdbc8-19.3.0.0.jar;C:\Users\anahr\.m2\repository\com\oracle\database\jdbc\ucp\19.3.0.0\ucp-19.3.0.0.jar;C:\Users\anahr\.m2\repository\com\oracle\database\security\oraclepki\19.3.0.0\oraclepki-19.3.0.0.jar;C:\Users\anahr\.m2\repository\com\oracle\database\security\osdt_cert\19.3.0.0\osdt_cert-19.3.0.0.jar;C:\Users\anahr\.m2\repository\com\oracle\database\security\osdt_core\19.3.0.0\osdt_core-19.3.0.0.jar;C:\Users\anahr\.m2\repository\com\oracle\database\ha\simplefan\19.3.0.0\simplefan-19.3.0.0.jar;C:\Users\anahr\.m2\repository\com\oracle\database\ha\ons\19.3.0.0\ons-19.3.0.0.jar;C:\Users\anahr\.m2\repository\javax\servlet\javax.servlet-api\4.0.1\javax.servlet-api-4.0.1.jar;C:\Users\anahr\.m2\repository\junit\junit\4.13.2\junit-4.13.2.jar;C:\Users\anahr\.m2\repository\org\hamcrest\hamcrest-core\1.3\hamcrest-core-1.3.jar;"/>
    <property name="sun.cpu.endian" value="little"/>
    <property name="user.home" value="C:\Users\anahr"/>
    <property name="user.language" value="es"/>
    <property name="java.specification.vendor" value="Oracle Corporation"/>
    <property name="java.version.date" value="2023-07-18"/>
    <property name="java.home" value="C:\Program Files\Java\jdk-11.0.20"/>
    <property name="file.separator" value="\"/>
    <property name="basedir" value="C:\Users\anahr\Documents\NetBeansProjects\CtaCorriente"/>
    <property name="java.vm.compressedOopsMode" value="Zero based"/>
    <property name="line.separator" value="&#10;"/>
    <property name="java.specification.name" value="Java Platform API Specification"/>
    <property name="java.vm.specification.vendor" value="Oracle Corporation"/>
    <property name="java.awt.graphicsenv" value="sun.awt.Win32GraphicsEnvironment"/>
    <property name="surefire.real.class.path" value="C:\Users\anahr\AppData\Local\Temp\surefire3573371786175576855\surefirebooter-20231124221904188_3.jar"/>
    <property name="user.script" value=""/>
    <property name="sun.management.compiler" value="HotSpot 64-Bit Tiered Compilers"/>
    <property name="java.runtime.version" value="11.0.20+9-LTS-256"/>
    <property name="user.name" value="anahr"/>
    <property name="path.separator" value=";"/>
    <property name="os.version" value="10.0"/>
    <property name="java.runtime.name" value="Java(TM) SE Runtime Environment"/>
    <property name="file.encoding" value="Cp1252"/>
    <property name="java.vm.name" value="Java HotSpot(TM) 64-Bit Server VM"/>
    <property name="java.vendor.version" value="18.9"/>
    <property name="localRepository" value="C:\Users\anahr\.m2\repository"/>
    <property name="java.vendor.url.bug" value="https://bugreport.java.com/bugreport/"/>
    <property name="java.io.tmpdir" value="C:\Users\anahr\AppData\Local\Temp\"/>
    <property name="java.version" value="11.0.20"/>
    <property name="user.dir" value="C:\Users\anahr\Documents\NetBeansProjects\CtaCorriente"/>
    <property name="os.arch" value="amd64"/>
    <property name="java.vm.specification.name" value="Java Virtual Machine Specification"/>
    <property name="java.awt.printerjob" value="sun.awt.windows.WPrinterJob"/>
    <property name="sun.os.patch.level" value=""/>
    <property name="java.library.path" value="C:\Program Files\Java\jdk-11.0.20\bin;C:\WINDOWS\Sun\Java\bin;C:\WINDOWS\system32;C:\WINDOWS;C:\Program Files\Java\jdk-11.0.20\bin;C:\Program Files\apache-maven-3.9.4\apache-maven-3.9.4\bin;C:\Python311\Scripts\;C:\Python311\;C:\WINDOWS\system32;C:\WINDOWS;C:\WINDOWS\System32\Wbem;C:\WINDOWS\System32\WindowsPowerShell\v1.0\;C:\WINDOWS\System32\OpenSSH\;C:\ProgramData\chocolatey\bin;C:\Program Files\apache-maven-3.9.4\apache-maven-3.9.4;C:\xampp\php;C:\composer;C:\Program Files\Git\cmd;C:\Users\anahr\AppData\Local\Microsoft\WindowsApps;C:\Users\anahr\AppData\Roaming\npm;C:\Users\anahr\Downloads\apache-maven-3.9.4-bin;C:\Users\anahr\AppData\Local\Programs\Microsoft VS Code\bin;C:\Program Files\apache-maven-3.9.4\apache-maven-3.9.4\bin;C:\Program Files\Java\jdk17\bin;C:\Users\anahr\AppData\Roaming\Composer\vendor\bin;C:\Users\anahr\AppData\Local\GitHubDesktop\bin;."/>
    <property name="java.vendor" value="Oracle Corporation"/>
    <property name="java.vm.info" value="mixed mode"/>
    <property name="java.vm.version" value="11.0.20+9-LTS-256"/>
    <property name="java.specification.maintenance.version" value="2"/>
    <property name="sun.io.unicode.encoding" value="UnicodeLittle"/>
    <property name="java.class.version" value="55.0"/>
  </properties>
  <testcase name="testGetMonto" classname="CtaCorrienteTest" time="0.0"/>
  <testcase name="testSetMonto" classname="CtaCorrienteTest" time="0.0"/>
</testsuite>